<?xml version="1.0" encoding="UTF-8"?>
<testng-results ignored="0" total="1" passed="1" failed="0" skipped="0">
  <reporter-output>
  </reporter-output>
  <suite started-at="2022-03-09T15:37:07 IST" name="Default suite" finished-at="2022-03-09T15:37:18 IST" duration-ms="10540">
    <groups>
    </groups>
    <test started-at="2022-03-09T15:37:07 IST" name="Default test" finished-at="2022-03-09T15:37:18 IST" duration-ms="10540">
      <class name="ajayacademy.ExtentReports.ReportPractice">
        <test-method is-config="true" signature="extentReport()[pri:0, instance:ajayacademy.ExtentReports.ReportPractice@1de76cc7]" started-at="2022-03-09T15:37:07 IST" name="extentReport" finished-at="2022-03-09T15:37:08 IST" duration-ms="235" status="PASS">
          <reporter-output>
          </reporter-output>
        </test-method> <!-- extentReport -->
        <test-method signature="invokeApp()[pri:0, instance:ajayacademy.ExtentReports.ReportPractice@1de76cc7]" started-at="2022-03-09T15:37:08 IST" name="invokeApp" finished-at="2022-03-09T15:37:18 IST" duration-ms="10260" status="PASS">
          <reporter-output>
          </reporter-output>
        </test-method> <!-- invokeApp -->
      </class> <!-- ajayacademy.ExtentReports.ReportPractice -->
    </test> <!-- Default test -->
  </suite> <!-- Default suite -->
</testng-results>
